<?xml version="1.0" encoding="UTF-8"?>
<testsuite xmlns:xsi="http://www.w3.org/2001/XMLSchema-instance" xsi:noNamespaceSchemaLocation="https://maven.apache.org/surefire/maven-surefire-plugin/xsd/surefire-test-report.xsd" name="in.nimbo.luka.AppTest" time="0.322" tests="1" errors="0" skipped="0" failures="0">
  <properties>
    <property name="sun.desktop" value="gnome"/>
    <property name="awt.toolkit" value="sun.awt.X11.XToolkit"/>
    <property name="file.encoding.pkg" value="sun.io"/>
    <property name="java.specification.version" value="1.8"/>
    <property name="sun.cpu.isalist" value=""/>
    <property name="sun.jnu.encoding" value="UTF-8"/>
    <property name="java.class.path" value="/home/reza/Projects/Java/NewsReader/target/test-classes:/home/reza/Projects/Java/NewsReader/target/classes:/home/reza/.m2/repository/junit/junit/4.11/junit-4.11.jar:/home/reza/.m2/repository/org/hamcrest/hamcrest-core/1.3/hamcrest-core-1.3.jar:/home/reza/.m2/repository/com/rometools/rome/1.11.0/rome-1.11.0.jar:/home/reza/.m2/repository/com/rometools/rome-utils/1.11.0/rome-utils-1.11.0.jar:/home/reza/.m2/repository/org/jdom/jdom2/2.0.6/jdom2-2.0.6.jar:/home/reza/.m2/repository/org/slf4j/slf4j-api/1.7.16/slf4j-api-1.7.16.jar:/home/reza/.m2/repository/org/slf4j/slf4j-simple/1.7.16/slf4j-simple-1.7.16.jar:"/>
    <property name="java.vm.vendor" value="Oracle Corporation"/>
    <property name="sun.arch.data.model" value="64"/>
    <property name="java.vendor.url" value="http://java.oracle.com/"/>
    <property name="user.timezone" value=""/>
    <property name="java.vm.specification.version" value="1.8"/>
    <property name="os.name" value="Linux"/>
    <property name="user.country" value="US"/>
    <property name="sun.java.launcher" value="SUN_STANDARD"/>
    <property name="sun.boot.library.path" value="/opt/java/jdk1.8.0_171/jre/lib/amd64"/>
    <property name="sun.java.command" value="/home/reza/Projects/Java/NewsReader/target/surefire/surefirebooter4995425098634070258.jar /home/reza/Projects/Java/NewsReader/target/surefire 2018-07-11T23-11-23_047-jvmRun1 surefire6100775013355327217tmp surefire_01479703272621326447tmp"/>
    <property name="surefire.test.class.path" value="/home/reza/Projects/Java/NewsReader/target/test-classes:/home/reza/Projects/Java/NewsReader/target/classes:/home/reza/.m2/repository/junit/junit/4.11/junit-4.11.jar:/home/reza/.m2/repository/org/hamcrest/hamcrest-core/1.3/hamcrest-core-1.3.jar:/home/reza/.m2/repository/com/rometools/rome/1.11.0/rome-1.11.0.jar:/home/reza/.m2/repository/com/rometools/rome-utils/1.11.0/rome-utils-1.11.0.jar:/home/reza/.m2/repository/org/jdom/jdom2/2.0.6/jdom2-2.0.6.jar:/home/reza/.m2/repository/org/slf4j/slf4j-api/1.7.16/slf4j-api-1.7.16.jar:/home/reza/.m2/repository/org/slf4j/slf4j-simple/1.7.16/slf4j-simple-1.7.16.jar:"/>
    <property name="sun.cpu.endian" value="little"/>
    <property name="user.home" value="/home/reza"/>
    <property name="user.language" value="en"/>
    <property name="java.specification.vendor" value="Oracle Corporation"/>
    <property name="java.home" value="/opt/java/jdk1.8.0_171/jre"/>
    <property name="basedir" value="/home/reza/Projects/Java/NewsReader"/>
    <property name="file.separator" value="/"/>
    <property name="line.separator" value="&#10;"/>
    <property name="java.vm.specification.vendor" value="Oracle Corporation"/>
    <property name="java.specification.name" value="Java Platform API Specification"/>
    <property name="java.awt.graphicsenv" value="sun.awt.X11GraphicsEnvironment"/>
    <property name="surefire.real.class.path" value="/home/reza/Projects/Java/NewsReader/target/surefire/surefirebooter4995425098634070258.jar"/>
    <property name="sun.boot.class.path" value="/opt/java/jdk1.8.0_171/jre/lib/resources.jar:/opt/java/jdk1.8.0_171/jre/lib/rt.jar:/opt/java/jdk1.8.0_171/jre/lib/sunrsasign.jar:/opt/java/jdk1.8.0_171/jre/lib/jsse.jar:/opt/java/jdk1.8.0_171/jre/lib/jce.jar:/opt/java/jdk1.8.0_171/jre/lib/charsets.jar:/opt/java/jdk1.8.0_171/jre/lib/jfr.jar:/opt/java/jdk1.8.0_171/jre/classes"/>
    <property name="sun.management.compiler" value="HotSpot 64-Bit Tiered Compilers"/>
    <property name="java.runtime.version" value="1.8.0_171-b11"/>
    <property name="user.name" value="reza"/>
    <property name="path.separator" value=":"/>
    <property name="os.version" value="4.8.0-36-generic"/>
    <property name="java.endorsed.dirs" value="/opt/java/jdk1.8.0_171/jre/lib/endorsed"/>
    <property name="java.runtime.name" value="Java(TM) SE Runtime Environment"/>
    <property name="file.encoding" value="UTF-8"/>
    <property name="java.vm.name" value="Java HotSpot(TM) 64-Bit Server VM"/>
    <property name="localRepository" value="/home/reza/.m2/repository"/>
    <property name="java.vendor.url.bug" value="http://bugreport.sun.com/bugreport/"/>
    <property name="java.io.tmpdir" value="/tmp"/>
    <property name="idea.version" value="2018.1.5"/>
    <property name="java.version" value="1.8.0_171"/>
    <property name="user.dir" value="/home/reza/Projects/Java/NewsReader"/>
    <property name="os.arch" value="amd64"/>
    <property name="java.vm.specification.name" value="Java Virtual Machine Specification"/>
    <property name="java.awt.printerjob" value="sun.print.PSPrinterJob"/>
    <property name="sun.os.patch.level" value="unknown"/>
    <property name="java.library.path" value="/usr/java/packages/lib/amd64:/usr/lib64:/lib64:/lib:/usr/lib"/>
    <property name="java.vm.info" value="mixed mode"/>
    <property name="java.vendor" value="Oracle Corporation"/>
    <property name="java.vm.version" value="25.171-b11"/>
    <property name="java.ext.dirs" value="/opt/java/jdk1.8.0_171/jre/lib/ext:/usr/java/packages/lib/ext"/>
    <property name="sun.io.unicode.encoding" value="UnicodeLittle"/>
    <property name="java.class.version" value="52.0"/>
  </properties>
  <testcase name="shouldAnswerWithTrue" classname="in.nimbo.luka.AppTest" time="0.008"/>
</testsuite>